# JRE version: OpenJDK Runtime Environment (11.0.13) (build 11.0.13+0-b1751.21-8125866)
# Java VM: OpenJDK 64-Bit Server VM (11.0.13+0-b1751.21-8125866, mixed mode, tiered, compressed oops, g1 gc, windows-amd64)
Heap:
 garbage-first heap   total 448512K, used 243781K [0x0000000080000000, 0x0000000100000000)
  region size 1024K, 52 young (53248K), 25 survivors (25600K)
 Metaspace       used 146059K, capacity 149870K, committed 150132K, reserved 1179648K
  class space    used 17793K, capacity 19190K, committed 19320K, reserved 1048576K
GC Heap History (20 events):
Event: 545.783 GC heap before
{Heap before GC invocations=75 (full 0):
 garbage-first heap   total 448512K, used 381069K [0x0000000080000000, 0x0000000100000000)
  region size 1024K, 194 young (198656K), 29 survivors (29696K)
 Metaspace       used 132317K, capacity 135778K, committed 136180K, reserved 1167360K
  class space    used 16044K, capacity 17286K, committed 17400K, reserved 1048576K
}
Event: 545.837 GC heap after
{Heap after GC invocations=76 (full 0):
 garbage-first heap   total 448512K, used 214137K [0x0000000080000000, 0x0000000100000000)
  region size 1024K, 15 young (15360K), 15 survivors (15360K)
 Metaspace       used 132317K, capacity 135778K, committed 136180K, reserved 1167360K
  class space    used 16044K, capacity 17286K, committed 17400K, reserved 1048576K
}
Event: 546.951 GC heap before
{Heap before GC invocations=76 (full 0):
 garbage-first heap   total 448512K, used 369785K [0x0000000080000000, 0x0000000100000000)
  region size 1024K, 166 young (169984K), 15 survivors (15360K)
 Metaspace       used 132498K, capacity 136002K, committed 136180K, reserved 1167360K
  class space    used 16053K, capacity 17318K, committed 17400K, reserved 1048576K
}
Event: 546.960 GC heap after
{Heap after GC invocations=77 (full 0):
 garbage-first heap   total 448512K, used 210209K [0x0000000080000000, 0x0000000100000000)
  region size 1024K, 4 young (4096K), 4 survivors (4096K)
 Metaspace       used 132498K, capacity 136002K, committed 136180K, reserved 1167360K
  class space    used 16053K, capacity 17318K, committed 17400K, reserved 1048576K
}
Event: 547.354 GC heap before
{Heap before GC invocations=77 (full 0):
 garbage-first heap   total 448512K, used 221473K [0x0000000080000000, 0x0000000100000000)
  region size 1024K, 16 young (16384K), 4 survivors (4096K)
 Metaspace       used 132499K, capacity 136002K, committed 136180K, reserved 1167360K
  class space    used 16053K, capacity 17318K, committed 17400K, reserved 1048576K
}
Event: 547.357 GC heap after
{Heap after GC invocations=78 (full 0):
 garbage-first heap   total 448512K, used 205462K [0x0000000080000000, 0x0000000100000000)
  region size 1024K, 2 young (2048K), 2 survivors (2048K)
 Metaspace       used 132499K, capacity 136002K, committed 136180K, reserved 1167360K
  class space    used 16053K, capacity 17318K, committed 17400K, reserved 1048576K
}
Event: 549.584 GC heap before
{Heap before GC invocations=79 (full 0):
 garbage-first heap   total 448512K, used 361110K [0x0000000080000000, 0x0000000100000000)
  region size 1024K, 167 young (171008K), 2 survivors (2048K)
 Metaspace       used 135705K, capacity 139261K, committed 139508K, reserved 1171456K
  class space    used 16369K, capacity 17590K, committed 17656K, reserved 1048576K
}
Event: 549.596 GC heap after
{Heap after GC invocations=80 (full 0):
 garbage-first heap   total 448512K, used 197015K [0x0000000080000000, 0x0000000100000000)
  region size 1024K, 7 young (7168K), 7 survivors (7168K)
 Metaspace       used 135705K, capacity 139261K, committed 139508K, reserved 1171456K
  class space    used 16369K, capacity 17590K, committed 17656K, reserved 1048576K
}
Event: 549.730 GC heap before
{Heap before GC invocations=80 (full 0):
 garbage-first heap   total 448512K, used 210327K [0x0000000080000000, 0x0000000100000000)
  region size 1024K, 21 young (21504K), 7 survivors (7168K)
 Metaspace       used 136548K, capacity 140093K, committed 140404K, reserved 1171456K
  class space    used 16500K, capacity 17718K, committed 17784K, reserved 1048576K
}
Event: 549.738 GC heap after
{Heap after GC invocations=81 (full 0):
 garbage-first heap   total 448512K, used 184538K [0x0000000080000000, 0x0000000100000000)
  region size 1024K, 1 young (1024K), 1 survivors (1024K)
 Metaspace       used 136548K, capacity 140093K, committed 140404K, reserved 1171456K
  class space    used 16500K, capacity 17718K, committed 17784K, reserved 1048576K
}
Event: 551.357 GC heap before
{Heap before GC invocations=81 (full 0):
 garbage-first heap   total 448512K, used 367834K [0x0000000080000000, 0x0000000100000000)
  region size 1024K, 181 young (185344K), 1 survivors (1024K)
 Metaspace       used 139965K, capacity 143541K, committed 143732K, reserved 1175552K
  class space    used 16913K, capacity 18179K, committed 18296K, reserved 1048576K
}
Event: 551.371 GC heap after
{Heap after GC invocations=82 (full 0):
 garbage-first heap   total 448512K, used 189239K [0x0000000080000000, 0x0000000100000000)
  region size 1024K, 6 young (6144K), 6 survivors (6144K)
 Metaspace       used 139965K, capacity 143541K, committed 143732K, reserved 1175552K
  class space    used 16913K, capacity 18179K, committed 18296K, reserved 1048576K
}
Event: 552.541 GC heap before
{Heap before GC invocations=82 (full 0):
 garbage-first heap   total 448512K, used 375607K [0x0000000080000000, 0x0000000100000000)
  region size 1024K, 185 young (189440K), 6 survivors (6144K)
 Metaspace       used 140589K, capacity 144238K, committed 144244K, reserved 1175552K
  class space    used 17001K, capacity 18291K, committed 18296K, reserved 1048576K
}
Event: 552.567 GC heap after
{Heap after GC invocations=83 (full 0):
 garbage-first heap   total 448512K, used 191283K [0x0000000080000000, 0x0000000100000000)
  region size 1024K, 6 young (6144K), 6 survivors (6144K)
 Metaspace       used 140589K, capacity 144238K, committed 144244K, reserved 1175552K
  class space    used 17001K, capacity 18291K, committed 18296K, reserved 1048576K
}
Event: 553.920 GC heap before
{Heap before GC invocations=83 (full 0):
 garbage-first heap   total 448512K, used 375603K [0x0000000080000000, 0x0000000100000000)
  region size 1024K, 187 young (191488K), 6 survivors (6144K)
 Metaspace       used 140597K, capacity 144238K, committed 144244K, reserved 1175552K
  class space    used 17001K, capacity 18291K, committed 18296K, reserved 1048576K
}
Event: 553.927 GC heap after
{Heap after GC invocations=84 (full 0):
 garbage-first heap   total 448512K, used 189415K [0x0000000080000000, 0x0000000100000000)
  region size 1024K, 6 young (6144K), 6 survivors (6144K)
 Metaspace       used 140597K, capacity 144238K, committed 144244K, reserved 1175552K
  class space    used 17001K, capacity 18291K, committed 18296K, reserved 1048576K
}
Event: 554.852 GC heap before
{Heap before GC invocations=84 (full 0):
 garbage-first heap   total 448512K, used 381927K [0x0000000080000000, 0x0000000100000000)
  region size 1024K, 191 young (195584K), 6 survivors (6144K)
 Metaspace       used 142033K, capacity 145709K, committed 145780K, reserved 1177600K
  class space    used 17198K, capacity 18527K, committed 18552K, reserved 1048576K
}
Event: 554.861 GC heap after
{Heap after GC invocations=85 (full 0):
 garbage-first heap   total 448512K, used 193015K [0x0000000080000000, 0x0000000100000000)
  region size 1024K, 8 young (8192K), 8 survivors (8192K)
 Metaspace       used 142033K, capacity 145709K, committed 145780K, reserved 1177600K
  class space    used 17198K, capacity 18527K, committed 18552K, reserved 1048576K
}
Event: 555.591 GC heap before
{Heap before GC invocations=85 (full 0):
 garbage-first heap   total 448512K, used 381431K [0x0000000080000000, 0x0000000100000000)
  region size 1024K, 193 young (197632K), 8 survivors (8192K)
 Metaspace       used 145204K, capacity 148945K, committed 149108K, reserved 1179648K
  class space    used 17632K, capacity 19008K, committed 19064K, reserved 1048576K
}
Event: 555.614 GC heap after
{Heap after GC invocations=86 (full 0):
 garbage-first heap   total 448512K, used 217157K [0x0000000080000000, 0x0000000100000000)
  region size 1024K, 25 young (25600K), 25 survivors (25600K)
 Metaspace       used 145204K, capacity 148945K, committed 149108K, reserved 1179648K
  class space    used 17632K, capacity 19008K, committed 19064K, reserved 1048576K
}

